#
# There is insufficient memory for the Java Runtime Environment to continue.
# Native memory allocation (mmap) failed to map 90177536 bytes for committing reserved memory.
# Possible reasons:
#   The system is out of physical RAM or swap space
#   In 32 bit mode, the process size limit was hit
# Possible solutions:
#   Reduce memory load on the system
#   Increase physical memory or swap space
#   Check if swap backing store is full
#   Use 64 bit Java on a 64 bit OS
#   Decrease Java heap size (-Xmx/-Xms)
#   Decrease number of Java threads
#   Decrease Java thread stack sizes (-Xss)
#   Set larger code cache with -XX:ReservedCodeCacheSize=
# This output file may be truncated or incomplete.
#
#  Out of Memory Error (os_linux.cpp:2627), pid=27709, tid=0x00007f5954fff700
#
# JRE version: Java(TM) SE Runtime Environment (8.0_111-b14) (build 1.8.0_111-b14)
# Java VM: Java HotSpot(TM) 64-Bit Server VM (25.111-b14 mixed mode linux-amd64 compressed oops)
# Failed to write core dump. Core dumps have been disabled. To enable core dumping, try "ulimit -c unlimited" before starting Java again
#

---------------  T H R E A D  ---------------

Current thread (0x00007f5964078000):  VMThread [stack: 0x00007f5954eff000,0x00007f5955000000] [id=27718]

Stack: [0x00007f5954eff000,0x00007f5955000000],  sp=0x00007f5954ffe260,  free space=1020k
Native frames: (J=compiled Java code, j=interpreted, Vv=VM code, C=native code)
V  [libjvm.so+0xac5c2a]  VMError::report_and_die()+0x2ba
V  [libjvm.so+0x4fc50b]  report_vm_out_of_memory(char const*, int, unsigned long, VMErrorType, char const*)+0x8b
V  [libjvm.so+0x922ae3]  os::Linux::commit_memory_impl(char*, unsigned long, bool)+0x103
V  [libjvm.so+0x923039]  os::pd_commit_memory(char*, unsigned long, unsigned long, bool)+0x29
V  [libjvm.so+0x91d33a]  os::commit_memory(char*, unsigned long, unsigned long, bool)+0x2a
V  [libjvm.so+0x991ac3]  PSVirtualSpace::expand_by(unsigned long)+0x53
V  [libjvm.so+0x992ec8]  PSYoungGen::resize_generation(unsigned long, unsigned long)+0xf8
V  [libjvm.so+0x992022]  PSYoungGen::resize(unsigned long, unsigned long)+0x22
V  [libjvm.so+0x98f2fb]  PSScavenge::invoke_no_policy()+0xf3b
V  [libjvm.so+0x98fa81]  PSScavenge::invoke()+0x41
V  [libjvm.so+0x9467d0]  ParallelScavengeHeap::failed_mem_allocate(unsigned long)+0x70
V  [libjvm.so+0xac7647]  VM_ParallelGCFailedAllocation::doit()+0x97
V  [libjvm.so+0xacf125]  VM_Operation::evaluate()+0x55
V  [libjvm.so+0xacd4fa]  VMThread::evaluate_operation(VM_Operation*)+0xba
V  [libjvm.so+0xacd87e]  VMThread::loop()+0x1ce
V  [libjvm.so+0xacdcf0]  VMThread::run()+0x70
V  [libjvm.so+0x924ea8]  java_start(Thread*)+0x108

VM_Operation (0x00007f594dcfab80): ParallelGCFailedAllocation, mode: safepoint, requested by thread 0x00007f5964146800


---------------  P R O C E S S  ---------------

Java Threads: ( => current thread )
  0x00007f5964146800 JavaThread "pool-2-thread-3" [_thread_blocked, id=27736, stack(0x00007f594dbfc000,0x00007f594dcfd000)]
  0x00007f5964139800 JavaThread "pool-3-thread-1" [_thread_blocked, id=27734, stack(0x00007f594ddfe000,0x00007f594deff000)]
  0x00007f59640c0000 JavaThread "Service Thread" daemon [_thread_blocked, id=27726, stack(0x00007f5954115000,0x00007f5954216000)]
  0x00007f59640bd000 JavaThread "C1 CompilerThread2" daemon [_thread_blocked, id=27725, stack(0x00007f5954216000,0x00007f5954317000)]
  0x00007f59640bb800 JavaThread "C2 CompilerThread1" daemon [_thread_blocked, id=27724, stack(0x00007f5954317000,0x00007f5954418000)]
  0x00007f59640b8800 JavaThread "C2 CompilerThread0" daemon [_thread_blocked, id=27723, stack(0x00007f5954418000,0x00007f5954519000)]
  0x00007f59640b7000 JavaThread "Signal Dispatcher" daemon [_thread_blocked, id=27722, stack(0x00007f5954519000,0x00007f595461a000)]
  0x00007f5964084000 JavaThread "Finalizer" daemon [_thread_blocked, id=27720, stack(0x00007f5954cfd000,0x00007f5954dfe000)]
  0x00007f596407f800 JavaThread "Reference Handler" daemon [_thread_blocked, id=27719, stack(0x00007f5954dfe000,0x00007f5954eff000)]
  0x00007f596400a000 JavaThread "main" [_thread_blocked, id=27713, stack(0x00007f596d5de000,0x00007f596d6df000)]

Other Threads:
=>0x00007f5964078000 VMThread [stack: 0x00007f5954eff000,0x00007f5955000000] [id=27718]
  0x00007f59640c3000 WatcherThread [stack: 0x00007f5954014000,0x00007f5954115000] [id=27727]

VM state:at safepoint (normal execution)

VM Mutex/Monitor currently owned by a thread:  ([mutex/lock_event])
[0x00007f59640065b0] Threads_lock - owner thread: 0x00007f5964078000
[0x00007f5964006ab0] Heap_lock - owner thread: 0x00007f5964146800

Heap:
 PSYoungGen      total 134656K, used 15869K [0x00000000eab00000, 0x00000000f4100000, 0x0000000100000000)
  eden space 118784K, 0% used [0x00000000eab00000,0x00000000eab00000,0x00000000f1f00000)
  from space 15872K, 99% used [0x00000000f1f00000,0x00000000f2e7f780,0x00000000f2e80000)
  to   space 12800K, 0% used [0x00000000f2e80000,0x00000000f2e80000,0x00000000f3b00000)
 ParOldGen       total 40960K, used 40596K [0x00000000c0000000, 0x00000000c2800000, 0x00000000eab00000)
  object space 40960K, 99% used [0x00000000c0000000,0x00000000c27a52d8,0x00000000c2800000)
 Metaspace       used 6318K, capacity 7128K, committed 7424K, reserved 1056768K
  class space    used 627K, capacity 656K, committed 768K, reserved 1048576K

Card table byte_map: [0x00007f596a196000,0x00007f596a397000] byte_map_base: 0x00007f5969b96000

Marking Bits: (ParMarkBitMap*) 0x00007f596cab8220
 Begin Bits: [0x00007f594e000000, 0x00007f594f000000)
 End Bits:   [0x00007f594f000000, 0x00007f5950000000)

Polling page: 0x00007f596d701000

CodeCache: size=245760Kb used=6510Kb max_used=6510Kb free=239249Kb
 bounds [0x00007f5955000000, 0x00007f5955670000, 0x00007f5964000000]
 total_blobs=1942 nmethods=1673 adapters=182
 compilation: enabled

Compilation events (10 events):
Event: 9.206 Thread 0x00007f59640bd000 2004       3       com.android.dx.ssa.ConstCollector::updateConstUses (248 bytes)
Event: 9.209 Thread 0x00007f59640bd000 nmethod 2004 0x00007f595565c090 code [0x00007f595565c440, 0x00007f595565e8f8]
Event: 9.210 Thread 0x00007f59640bd000 2005       2       com.android.dx.ssa.ConstCollector$2::<init> (20 bytes)
Event: 9.210 Thread 0x00007f59640bd000 nmethod 2005 0x00007f595564aa10 code [0x00007f595564ab60, 0x00007f595564acf0]
Event: 9.277 Thread 0x00007f59640bd000 2006 %     3       com.android.dx.rop.code.DexTranslationAdvice::totalRopWidth @ 10 (36 bytes)
Event: 9.278 Thread 0x00007f59640bd000 nmethod 2006% 0x00007f5955649c90 code [0x00007f5955649e60, 0x00007f595564a6a8]
Event: 9.278 Thread 0x00007f59640bd000 2007       3       com.android.dx.rop.code.DexTranslationAdvice::totalRopWidth (36 bytes)
Event: 9.278 Thread 0x00007f59640bd000 nmethod 2007 0x00007f5955648ed0 code [0x00007f59556490a0, 0x00007f5955649888]
Event: 9.316 Thread 0x00007f59640bd000 2008       3       com.android.dx.util.LabeledList::rebuildLabelToIndex (46 bytes)
Event: 9.316 Thread 0x00007f59640bd000 nmethod 2008 0x00007f595565fe10 code [0x00007f595565ffc0, 0x00007f5955660648]

GC Heap History (10 events):
Event: 3.809 GC heap after
Heap after GC invocations=4 (full 0):
 PSYoungGen      total 33280K, used 2528K [0x00000000eab00000, 0x00000000ece00000, 0x0000000100000000)
  eden space 30720K, 0% used [0x00000000eab00000,0x00000000eab00000,0x00000000ec900000)
  from space 2560K, 98% used [0x00000000ecb80000,0x00000000ecdf8028,0x00000000ece00000)
  to   space 2560K, 0% used [0x00000000ec900000,0x00000000ec900000,0x00000000ecb80000)
 ParOldGen       total 40960K, used 8590K [0x00000000c0000000, 0x00000000c2800000, 0x00000000eab00000)
  object space 40960K, 20% used [0x00000000c0000000,0x00000000c0863970,0x00000000c2800000)
 Metaspace       used 5890K, capacity 6808K, committed 7168K, reserved 1056768K
  class space    used 607K, capacity 656K, committed 768K, reserved 1048576K
}
Event: 4.452 GC heap before
{Heap before GC invocations=5 (full 0):
 PSYoungGen      total 33280K, used 33248K [0x00000000eab00000, 0x00000000ece00000, 0x0000000100000000)
  eden space 30720K, 100% used [0x00000000eab00000,0x00000000ec900000,0x00000000ec900000)
  from space 2560K, 98% used [0x00000000ecb80000,0x00000000ecdf8028,0x00000000ece00000)
  to   space 2560K, 0% used [0x00000000ec900000,0x00000000ec900000,0x00000000ecb80000)
 ParOldGen       total 40960K, used 8590K [0x00000000c0000000, 0x00000000c2800000, 0x00000000eab00000)
  object space 40960K, 20% used [0x00000000c0000000,0x00000000c0863970,0x00000000c2800000)
 Metaspace       used 6036K, capacity 6872K, committed 7168K, reserved 1056768K
  class space    used 626K, capacity 656K, committed 768K, reserved 1048576K
Event: 4.500 GC heap after
Heap after GC invocations=5 (full 0):
 PSYoungGen      total 33280K, used 2528K [0x00000000eab00000, 0x00000000ef600000, 0x0000000100000000)
  eden space 30720K, 0% used [0x00000000eab00000,0x00000000eab00000,0x00000000ec900000)
  from space 2560K, 98% used [0x00000000ec900000,0x00000000ecb78028,0x00000000ecb80000)
  to   space 7680K, 0% used [0x00000000eee80000,0x00000000eee80000,0x00000000ef600000)
 ParOldGen       total 40960K, used 13225K [0x00000000c0000000, 0x00000000c2800000, 0x00000000eab00000)
  object space 40960K, 32% used [0x00000000c0000000,0x00000000c0cea670,0x00000000c2800000)
 Metaspace       used 6036K, capacity 6872K, committed 7168K, reserved 1056768K
  class space    used 626K, capacity 656K, committed 768K, reserved 1048576K
}
Event: 4.945 GC heap before
{Heap before GC invocations=6 (full 0):
 PSYoungGen      total 33280K, used 33248K [0x00000000eab00000, 0x00000000ef600000, 0x0000000100000000)
  eden space 30720K, 100% used [0x00000000eab00000,0x00000000ec900000,0x00000000ec900000)
  from space 2560K, 98% used [0x00000000ec900000,0x00000000ecb78028,0x00000000ecb80000)
  to   space 7680K, 0% used [0x00000000eee80000,0x00000000eee80000,0x00000000ef600000)
 ParOldGen       total 40960K, used 13225K [0x00000000c0000000, 0x00000000c2800000, 0x00000000eab00000)
  object space 40960K, 32% used [0x00000000c0000000,0x00000000c0cea670,0x00000000c2800000)
 Metaspace       used 6081K, capacity 6936K, committed 7168K, reserved 1056768K
  class space    used 626K, capacity 656K, committed 768K, reserved 1048576K
Event: 5.077 GC heap after
Heap after GC invocations=6 (full 0):
 PSYoungGen      total 68608K, used 7264K [0x00000000eab00000, 0x00000000ef700000, 0x0000000100000000)
  eden space 60928K, 0% used [0x00000000eab00000,0x00000000eab00000,0x00000000ee680000)
  from space 7680K, 94% used [0x00000000eee80000,0x00000000ef598028,0x00000000ef600000)
  to   space 8192K, 0% used [0x00000000ee680000,0x00000000ee680000,0x00000000eee80000)
 ParOldGen       total 40960K, used 13225K [0x00000000c0000000, 0x00000000c2800000, 0x00000000eab00000)
  object space 40960K, 32% used [0x00000000c0000000,0x00000000c0cea670,0x00000000c2800000)
 Metaspace       used 6081K, capacity 6936K, committed 7168K, reserved 1056768K
  class space    used 626K, capacity 656K, committed 768K, reserved 1048576K
}
Event: 6.228 GC heap before
{Heap before GC invocations=7 (full 0):
 PSYoungGen      total 68608K, used 68192K [0x00000000eab00000, 0x00000000ef700000, 0x0000000100000000)
  eden space 60928K, 100% used [0x00000000eab00000,0x00000000ee680000,0x00000000ee680000)
  from space 7680K, 94% used [0x00000000eee80000,0x00000000ef598028,0x00000000ef600000)
  to   space 8192K, 0% used [0x00000000ee680000,0x00000000ee680000,0x00000000eee80000)
 ParOldGen       total 40960K, used 13225K [0x00000000c0000000, 0x00000000c2800000, 0x00000000eab00000)
  object space 40960K, 32% used [0x00000000c0000000,0x00000000c0cea670,0x00000000c2800000)
 Metaspace       used 6142K, capacity 7000K, committed 7168K, reserved 1056768K
  class space    used 626K, capacity 656K, committed 768K, reserved 1048576K
Event: 6.376 GC heap after
Heap after GC invocations=7 (full 0):
 PSYoungGen      total 69120K, used 8160K [0x00000000eab00000, 0x00000000f3b00000, 0x0000000100000000)
  eden space 60928K, 0% used [0x00000000eab00000,0x00000000eab00000,0x00000000ee680000)
  from space 8192K, 99% used [0x00000000ee680000,0x00000000eee78010,0x00000000eee80000)
  to   space 12800K, 0% used [0x00000000f2e80000,0x00000000f2e80000,0x00000000f3b00000)
 ParOldGen       total 40960K, used 20227K [0x00000000c0000000, 0x00000000c2800000, 0x00000000eab00000)
  object space 40960K, 49% used [0x00000000c0000000,0x00000000c13c0e28,0x00000000c2800000)
 Metaspace       used 6142K, capacity 7000K, committed 7168K, reserved 1056768K
  class space    used 626K, capacity 656K, committed 768K, reserved 1048576K
}
Event: 7.293 GC heap before
{Heap before GC invocations=8 (full 0):
 PSYoungGen      total 69120K, used 69088K [0x00000000eab00000, 0x00000000f3b00000, 0x0000000100000000)
  eden space 60928K, 100% used [0x00000000eab00000,0x00000000ee680000,0x00000000ee680000)
  from space 8192K, 99% used [0x00000000ee680000,0x00000000eee78010,0x00000000eee80000)
  to   space 12800K, 0% used [0x00000000f2e80000,0x00000000f2e80000,0x00000000f3b00000)
 ParOldGen       total 40960K, used 20227K [0x00000000c0000000, 0x00000000c2800000, 0x00000000eab00000)
  object space 40960K, 49% used [0x00000000c0000000,0x00000000c13c0e28,0x00000000c2800000)
 Metaspace       used 6228K, capacity 7064K, committed 7424K, reserved 1056768K
  class space    used 626K, capacity 656K, committed 768K, reserved 1048576K
Event: 7.425 GC heap after
Heap after GC invocations=8 (full 0):
 PSYoungGen      total 131584K, used 12770K [0x00000000eab00000, 0x00000000f4100000, 0x0000000100000000)
  eden space 118784K, 0% used [0x00000000eab00000,0x00000000eab00000,0x00000000f1f00000)
  from space 12800K, 99% used [0x00000000f2e80000,0x00000000f3af8a70,0x00000000f3b00000)
  to   space 15872K, 0% used [0x00000000f1f00000,0x00000000f1f00000,0x00000000f2e80000)
 ParOldGen       total 40960K, used 23032K [0x00000000c0000000, 0x00000000c2800000, 0x00000000eab00000)
  object space 40960K, 56% used [0x00000000c0000000,0x00000000c167e218,0x00000000c2800000)
 Metaspace       used 6228K, capacity 7064K, committed 7424K, reserved 1056768K
  class space    used 626K, capacity 656K, committed 768K, reserved 1048576K
}
Event: 9.320 GC heap before
{Heap before GC invocations=9 (full 0):
 PSYoungGen      total 131584K, used 131554K [0x00000000eab00000, 0x00000000f4100000, 0x0000000100000000)
  eden space 118784K, 100% used [0x00000000eab00000,0x00000000f1f00000,0x00000000f1f00000)
  from space 12800K, 99% used [0x00000000f2e80000,0x00000000f3af8a70,0x00000000f3b00000)
  to   space 15872K, 0% used [0x00000000f1f00000,0x00000000f1f00000,0x00000000f2e80000)
 ParOldGen       total 40960K, used 23032K [0x00000000c0000000, 0x00000000c2800000, 0x00000000eab00000)
  object space 40960K, 56% used [0x00000000c0000000,0x00000000c167e218,0x00000000c2800000)
 Metaspace       used 6318K, capacity 7128K, committed 7424K, reserved 1056768K
  class space    used 627K, capacity 656K, committed 768K, reserved 1048576K

Deoptimization events (10 events):
Event: 4.147 Thread 0x00007f5964137000 Uncommon trap: reason=unstable_if action=reinterpret pc=0x00007f595522e2dc method=java.util.HashMap.getNode(ILjava/lang/Object;)Ljava/util/HashMap$Node; @ 84
Event: 4.556 Thread 0x00007f5964146800 Uncommon trap: reason=unstable_if action=reinterpret pc=0x00007f595532e604 method=com.android.dx.dex.code.OutputFinisher.hasLocalInfo(Lcom/android/dx/dex/code/DalvInsn;)Z @ 24
Event: 5.353 Thread 0x00007f5964148000 Uncommon trap: reason=unstable_if action=reinterpret pc=0x00007f595533c804 method=com.android.dx.util.IntList.binarysearch(I)I @ 105
Event: 7.441 Thread 0x00007f5964137000 Uncommon trap: reason=bimorphic action=maybe_recompile pc=0x00007f5955556974 method=com.android.dx.cf.code.BytecodeArray.parseInstruction(ILcom/android/dx/cf/code/BytecodeArray$Visitor;)I @ 2554
Event: 7.444 Thread 0x00007f5964137000 Uncommon trap: reason=bimorphic action=maybe_recompile pc=0x00007f5955556974 method=com.android.dx.cf.code.BytecodeArray.parseInstruction(ILcom/android/dx/cf/code/BytecodeArray$Visitor;)I @ 2554
Event: 7.796 Thread 0x00007f5964146800 Uncommon trap: reason=bimorphic action=maybe_recompile pc=0x00007f5955553230 method=com.android.dx.cf.code.BytecodeArray.parseInstruction(ILcom/android/dx/cf/code/BytecodeArray$Visitor;)I @ 1477
Event: 7.813 Thread 0x00007f5964146800 Uncommon trap: reason=bimorphic action=maybe_recompile pc=0x00007f5955553230 method=com.android.dx.cf.code.BytecodeArray.parseInstruction(ILcom/android/dx/cf/code/BytecodeArray$Visitor;)I @ 1477
Event: 8.584 Thread 0x00007f5964137000 Uncommon trap: reason=bimorphic action=maybe_recompile pc=0x00007f59554fba58 method=java.util.HashMap.putVal(ILjava/lang/Object;Ljava/lang/Object;ZZ)Ljava/lang/Object; @ 203
Event: 8.664 Thread 0x00007f5964148000 Uncommon trap: reason=bimorphic action=maybe_recompile pc=0x00007f59554fba58 method=java.util.HashMap.putVal(ILjava/lang/Object;Ljava/lang/Object;ZZ)Ljava/lang/Object; @ 203
Event: 8.785 Thread 0x00007f5964148000 Uncommon trap: reason=unstable_if action=reinterpret pc=0x00007f5955312c7c method=com.android.dx.ssa.SsaMethod.updateOneDefinition(Lcom/android/dx/ssa/SsaInsn;Lcom/android/dx/rop/code/RegisterSpec;)V @ 4

Internal exceptions (6 events):
Event: 0.200 Thread 0x00007f596400a000 Exception <a 'java/lang/NoSuchMethodError': Method sun.misc.Unsafe.defineClass(Ljava/lang/String;[BII)Ljava/lang/Class; name or signature does not match> (0x00000000eab07c78) thrown at [/HUDSON3/workspace/8-2-build-linux-amd64/jdk8u111/7883/hotspot/src/sh
Event: 0.201 Thread 0x00007f596400a000 Exception <a 'java/lang/NoSuchMethodError': Method sun.misc.Unsafe.prefetchRead(Ljava/lang/Object;J)V name or signature does not match> (0x00000000eab07f60) thrown at [/HUDSON3/workspace/8-2-build-linux-amd64/jdk8u111/7883/hotspot/src/share/vm/prims/jni.c
Event: 3.666 Thread 0x00007f5964146800 Implicit null exception at 0x00007f5955280d22 to 0x00007f5955280e13
Event: 3.991 Thread 0x00007f5964146800 Exception <a 'java/lang/ArrayIndexOutOfBoundsException': 18> (0x00000000eb586ce0) thrown at [/HUDSON3/workspace/8-2-build-linux-amd64/jdk8u111/7883/hotspot/src/share/vm/interpreter/interpreterRuntime.cpp, line 366]
Event: 4.013 Thread 0x00007f5964146800 Exception <a 'java/lang/ArrayIndexOutOfBoundsException': 145> (0x00000000eb588860) thrown at [/HUDSON3/workspace/8-2-build-linux-amd64/jdk8u111/7883/hotspot/src/share/vm/interpreter/interpreterRuntime.cpp, line 366]
Event: 4.017 Thread 0x00007f5964146800 Exception <a 'java/lang/ArrayIndexOutOfBoundsException'> (0x00000000eb589b48) thrown at [/HUDSON3/workspace/8-2-build-linux-amd64/jdk8u111/7883/hotspot/src/share/vm/runtime/sharedRuntime.cpp, line 605]

Events (10 events):
Event: 8.927 Thread 0x00007f596413b800 Thread exited: 0x00007f596413b800
Event: 9.115 Thread 0x00007f5964146800 DEOPT PACKING pc=0x00007f5955510c4f sp=0x00007f594dcfaf60
Event: 9.115 Thread 0x00007f5964146800 DEOPT UNPACKING pc=0x00007f5955047633 sp=0x00007f594dcfad48 mode 0
Event: 9.209 Thread 0x00007f5964146800 DEOPT PACKING pc=0x00007f59555263c5 sp=0x00007f594dcfac70
Event: 9.209 Thread 0x00007f5964146800 DEOPT UNPACKING pc=0x00007f5955047633 sp=0x00007f594dcfaa40 mode 0
Event: 9.278 Thread 0x00007f5964146800 DEOPT PACKING pc=0x00007f59553b2c6b sp=0x00007f594dcfac20
Event: 9.278 Thread 0x00007f5964146800 DEOPT UNPACKING pc=0x00007f5955047633 sp=0x00007f594dcfa978 mode 0
Event: 9.316 Thread 0x00007f5964146800 DEOPT PACKING pc=0x00007f5955539805 sp=0x00007f594dcfae10
Event: 9.316 Thread 0x00007f5964146800 DEOPT UNPACKING pc=0x00007f5955047633 sp=0x00007f594dcfab60 mode 0
Event: 9.320 Executing VM operation: ParallelGCFailedAllocation


Dynamic libraries:
00400000-00401000 r-xp 00000000 08:06 8536111                            /usr/lib/jvm/java-8-oracle/bin/java
00600000-00601000 rw-p 00000000 08:06 8536111                            /usr/lib/jvm/java-8-oracle/bin/java
015f2000-01613000 rw-p 00000000 00:00 0                                  [heap]
c0000000-c2800000 rw-p 00000000 00:00 0 
c2800000-eab00000 ---p 00000000 00:00 0 
eab00000-f4100000 rw-p 00000000 00:00 0 
f9700000-100000000 ---p 00000000 00:00 0 
100000000-1000c0000 rw-p 00000000 00:00 0 
1000c0000-140000000 ---p 00000000 00:00 0 
7f5900000000-7f590002e000 rw-p 00000000 00:00 0 
7f590002e000-7f5904000000 ---p 00000000 00:00 0 
7f5908000000-7f5908030000 rw-p 00000000 00:00 0 
7f5908030000-7f590c000000 ---p 00000000 00:00 0 
7f590c000000-7f590c030000 rw-p 00000000 00:00 0 
7f590c030000-7f5910000000 ---p 00000000 00:00 0 
7f5910000000-7f5910026000 rw-p 00000000 00:00 0 
7f5910026000-7f5914000000 ---p 00000000 00:00 0 
7f5914000000-7f5914021000 rw-p 00000000 00:00 0 
7f5914021000-7f5918000000 ---p 00000000 00:00 0 
7f5918000000-7f5918021000 rw-p 00000000 00:00 0 
7f5918021000-7f591c000000 ---p 00000000 00:00 0 
7f591c000000-7f591c021000 rw-p 00000000 00:00 0 
7f591c021000-7f5920000000 ---p 00000000 00:00 0 
7f5920000000-7f5920aa2000 rw-p 00000000 00:00 0 
7f5920aa2000-7f5924000000 ---p 00000000 00:00 0 
7f5924000000-7f592487c000 rw-p 00000000 00:00 0 
7f592487c000-7f5928000000 ---p 00000000 00:00 0 
7f5928000000-7f5928021000 rw-p 00000000 00:00 0 
7f5928021000-7f592c000000 ---p 00000000 00:00 0 
7f592c000000-7f592c832000 rw-p 00000000 00:00 0 
7f592c832000-7f5930000000 ---p 00000000 00:00 0 
7f5930000000-7f5930021000 rw-p 00000000 00:00 0 
7f5930021000-7f5934000000 ---p 00000000 00:00 0 
7f5934000000-7f5934021000 rw-p 00000000 00:00 0 
7f5934021000-7f5938000000 ---p 00000000 00:00 0 
7f5938000000-7f5938021000 rw-p 00000000 00:00 0 
7f5938021000-7f593c000000 ---p 00000000 00:00 0 
7f593c000000-7f593c28d000 rw-p 00000000 00:00 0 
7f593c28d000-7f5940000000 ---p 00000000 00:00 0 
7f5940000000-7f5940021000 rw-p 00000000 00:00 0 
7f5940021000-7f5944000000 ---p 00000000 00:00 0 
7f5948000000-7f5948021000 rw-p 00000000 00:00 0 
7f5948021000-7f594c000000 ---p 00000000 00:00 0 
7f594dafb000-7f594dafe000 ---p 00000000 00:00 0 
7f594dafe000-7f594dbfc000 rw-p 00000000 00:00 0 
7f594dbfc000-7f594dbff000 ---p 00000000 00:00 0 
7f594dbff000-7f594dcfd000 rw-p 00000000 00:00 0                          [stack:27736]
7f594dcfd000-7f594dd00000 ---p 00000000 00:00 0 
7f594dd00000-7f594ddfe000 rw-p 00000000 00:00 0 
7f594ddfe000-7f594de01000 ---p 00000000 00:00 0 
7f594de01000-7f594deff000 rw-p 00000000 00:00 0                          [stack:27734]
7f594deff000-7f594df02000 ---p 00000000 00:00 0 
7f594df02000-7f5950000000 rw-p 00000000 00:00 0 
7f5950000000-7f5950021000 rw-p 00000000 00:00 0 
7f5950021000-7f5954000000 ---p 00000000 00:00 0 
7f5954014000-7f5954015000 ---p 00000000 00:00 0 
7f5954015000-7f5954115000 rw-p 00000000 00:00 0                          [stack:27727]
7f5954115000-7f5954118000 ---p 00000000 00:00 0 
7f5954118000-7f5954216000 rw-p 00000000 00:00 0                          [stack:27726]
7f5954216000-7f5954219000 ---p 00000000 00:00 0 
7f5954219000-7f5954317000 rw-p 00000000 00:00 0                          [stack:27725]
7f5954317000-7f595431a000 ---p 00000000 00:00 0 
7f595431a000-7f5954418000 rw-p 00000000 00:00 0                          [stack:27724]
7f5954418000-7f595441b000 ---p 00000000 00:00 0 
7f595441b000-7f5954519000 rw-p 00000000 00:00 0                          [stack:27723]
7f5954519000-7f595451c000 ---p 00000000 00:00 0 
7f595451c000-7f595461a000 rw-p 00000000 00:00 0                          [stack:27722]
7f595461a000-7f5954cfd000 r--p 00000000 08:06 8133444                    /usr/lib/locale/locale-archive
7f5954cfd000-7f5954d00000 ---p 00000000 00:00 0 
7f5954d00000-7f5954dfe000 rw-p 00000000 00:00 0                          [stack:27720]
7f5954dfe000-7f5954e01000 ---p 00000000 00:00 0 
7f5954e01000-7f5954eff000 rw-p 00000000 00:00 0                          [stack:27719]
7f5954eff000-7f5954f00000 ---p 00000000 00:00 0 
7f5954f00000-7f5955000000 rw-p 00000000 00:00 0                          [stack:27718]
7f5955000000-7f5955670000 rwxp 00000000 00:00 0 
7f5955670000-7f5964000000 ---p 00000000 00:00 0 
7f5964000000-7f5964396000 rw-p 00000000 00:00 0 
7f5964396000-7f5968000000 ---p 00000000 00:00 0 
7f596802c000-7f596803a000 r--s 000e0000 08:06 8275328                    /home/buddhikajay/Programs/android-sdk-linux/build-tools/24.0.2/lib/dx.jar
7f596803a000-7f5968fee000 rw-p 00000000 00:00 0 
7f5968fee000-7f59691c6000 r--s 03d2a000 08:06 8133175                    /usr/lib/jvm/java-8-oracle/jre/lib/rt.jar
7f59691c6000-7f59698bc000 rw-p 00000000 00:00 0 
7f59698bc000-7f5969a3c000 ---p 00000000 00:00 0 
7f5969a3c000-7f5969c3c000 rw-p 00000000 00:00 0 
7f5969c3c000-7f5969c3d000 ---p 00000000 00:00 0 
7f5969c3d000-7f5969d3d000 rw-p 00000000 00:00 0                          [stack:27717]
7f5969d3d000-7f5969d3e000 ---p 00000000 00:00 0 
7f5969d3e000-7f5969e3e000 rw-p 00000000 00:00 0                          [stack:27716]
7f5969e3e000-7f5969e3f000 ---p 00000000 00:00 0 
7f5969e3f000-7f5969f3f000 rw-p 00000000 00:00 0                          [stack:27715]
7f5969f3f000-7f5969f40000 ---p 00000000 00:00 0 
7f5969f40000-7f596a054000 rw-p 00000000 00:00 0                          [stack:27714]
7f596a054000-7f596a196000 ---p 00000000 00:00 0 
7f596a196000-7f596a1aa000 rw-p 00000000 00:00 0 
7f596a1aa000-7f596a2eb000 ---p 00000000 00:00 0 
7f596a2eb000-7f596a337000 rw-p 00000000 00:00 0 
7f596a337000-7f596a396000 ---p 00000000 00:00 0 
7f596a396000-7f596a3b1000 rw-p 00000000 00:00 0 
7f596a3b1000-7f596a757000 ---p 00000000 00:00 0 
7f596a757000-7f596a771000 r-xp 00000000 08:06 8131814                    /usr/lib/jvm/java-8-oracle/jre/lib/amd64/libzip.so
7f596a771000-7f596a971000 ---p 0001a000 08:06 8131814                    /usr/lib/jvm/java-8-oracle/jre/lib/amd64/libzip.so
7f596a971000-7f596a972000 rw-p 0001a000 08:06 8131814                    /usr/lib/jvm/java-8-oracle/jre/lib/amd64/libzip.so
7f596a972000-7f596a97c000 r-xp 00000000 08:06 11011029                   /lib/x86_64-linux-gnu/libnss_files-2.19.so
7f596a97c000-7f596ab7b000 ---p 0000a000 08:06 11011029                   /lib/x86_64-linux-gnu/libnss_files-2.19.so
7f596ab7b000-7f596ab7c000 r--p 00009000 08:06 11011029                   /lib/x86_64-linux-gnu/libnss_files-2.19.so
7f596ab7c000-7f596ab7d000 rw-p 0000a000 08:06 11011029                   /lib/x86_64-linux-gnu/libnss_files-2.19.so
7f596ab7d000-7f596ab88000 r-xp 00000000 08:06 11010145                   /lib/x86_64-linux-gnu/libnss_nis-2.19.so
7f596ab88000-7f596ad87000 ---p 0000b000 08:06 11010145                   /lib/x86_64-linux-gnu/libnss_nis-2.19.so
7f596ad87000-7f596ad88000 r--p 0000a000 08:06 11010145                   /lib/x86_64-linux-gnu/libnss_nis-2.19.so
7f596ad88000-7f596ad89000 rw-p 0000b000 08:06 11010145                   /lib/x86_64-linux-gnu/libnss_nis-2.19.so
7f596ad89000-7f596ada0000 r-xp 00000000 08:06 11010141                   /lib/x86_64-linux-gnu/libnsl-2.19.so
7f596ada0000-7f596af9f000 ---p 00017000 08:06 11010141                   /lib/x86_64-linux-gnu/libnsl-2.19.so
7f596af9f000-7f596afa0000 r--p 00016000 08:06 11010141                   /lib/x86_64-linux-gnu/libnsl-2.19.so
7f596afa0000-7f596afa1000 rw-p 00017000 08:06 11010141                   /lib/x86_64-linux-gnu/libnsl-2.19.so
7f596afa1000-7f596afa3000 rw-p 00000000 00:00 0 
7f596afa3000-7f596afac000 r-xp 00000000 08:06 11010140                   /lib/x86_64-linux-gnu/libnss_compat-2.19.so
7f596afac000-7f596b1ab000 ---p 00009000 08:06 11010140                   /lib/x86_64-linux-gnu/libnss_compat-2.19.so
7f596b1ab000-7f596b1ac000 r--p 00008000 08:06 11010140                   /lib/x86_64-linux-gnu/libnss_compat-2.19.so
7f596b1ac000-7f596b1ad000 rw-p 00009000 08:06 11010140                   /lib/x86_64-linux-gnu/libnss_compat-2.19.so
7f596b1ad000-7f596b1d8000 r-xp 00000000 08:06 8133085                    /usr/lib/jvm/java-8-oracle/jre/lib/amd64/libjava.so
7f596b1d8000-7f596b3d7000 ---p 0002b000 08:06 8133085                    /usr/lib/jvm/java-8-oracle/jre/lib/amd64/libjava.so
7f596b3d7000-7f596b3d9000 rw-p 0002a000 08:06 8133085                    /usr/lib/jvm/java-8-oracle/jre/lib/amd64/libjava.so
7f596b3d9000-7f596b3e6000 r-xp 00000000 08:06 8131842                    /usr/lib/jvm/java-8-oracle/jre/lib/amd64/libverify.so
7f596b3e6000-7f596b5e5000 ---p 0000d000 08:06 8131842                    /usr/lib/jvm/java-8-oracle/jre/lib/amd64/libverify.so
7f596b5e5000-7f596b5e7000 rw-p 0000c000 08:06 8131842                    /usr/lib/jvm/java-8-oracle/jre/lib/amd64/libverify.so
7f596b5e7000-7f596b5ee000 r-xp 00000000 08:06 11010149                   /lib/x86_64-linux-gnu/librt-2.19.so
7f596b5ee000-7f596b7ed000 ---p 00007000 08:06 11010149                   /lib/x86_64-linux-gnu/librt-2.19.so
7f596b7ed000-7f596b7ee000 r--p 00006000 08:06 11010149                   /lib/x86_64-linux-gnu/librt-2.19.so
7f596b7ee000-7f596b7ef000 rw-p 00007000 08:06 11010149                   /lib/x86_64-linux-gnu/librt-2.19.so
7f596b7ef000-7f596b8f4000 r-xp 00000000 08:06 11010077                   /lib/x86_64-linux-gnu/libm-2.19.so
7f596b8f4000-7f596baf3000 ---p 00105000 08:06 11010077                   /lib/x86_64-linux-gnu/libm-2.19.so
7f596baf3000-7f596baf4000 r--p 00104000 08:06 11010077                   /lib/x86_64-linux-gnu/libm-2.19.so
7f596baf4000-7f596baf5000 rw-p 00105000 08:06 11010077                   /lib/x86_64-linux-gnu/libm-2.19.so
7f596baf5000-7f596c7c2000 r-xp 00000000 08:06 8131821                    /usr/lib/jvm/java-8-oracle/jre/lib/amd64/server/libjvm.so
7f596c7c2000-7f596c9c1000 ---p 00ccd000 08:06 8131821                    /usr/lib/jvm/java-8-oracle/jre/lib/amd64/server/libjvm.so
7f596c9c1000-7f596ca9a000 rw-p 00ccc000 08:06 8131821                    /usr/lib/jvm/java-8-oracle/jre/lib/amd64/server/libjvm.so
7f596ca9a000-7f596cae5000 rw-p 00000000 00:00 0 
7f596cae5000-7f596cc9f000 r-xp 00000000 08:06 11010150                   /lib/x86_64-linux-gnu/libc-2.19.so
7f596cc9f000-7f596ce9f000 ---p 001ba000 08:06 11010150                   /lib/x86_64-linux-gnu/libc-2.19.so
7f596ce9f000-7f596cea3000 r--p 001ba000 08:06 11010150                   /lib/x86_64-linux-gnu/libc-2.19.so
7f596cea3000-7f596cea5000 rw-p 001be000 08:06 11010150                   /lib/x86_64-linux-gnu/libc-2.19.so
7f596cea5000-7f596ceaa000 rw-p 00000000 00:00 0 
7f596ceaa000-7f596cead000 r-xp 00000000 08:06 11010137                   /lib/x86_64-linux-gnu/libdl-2.19.so
7f596cead000-7f596d0ac000 ---p 00003000 08:06 11010137                   /lib/x86_64-linux-gnu/libdl-2.19.so
7f596d0ac000-7f596d0ad000 r--p 00002000 08:06 11010137                   /lib/x86_64-linux-gnu/libdl-2.19.so
7f596d0ad000-7f596d0ae000 rw-p 00003000 08:06 11010137                   /lib/x86_64-linux-gnu/libdl-2.19.so
7f596d0ae000-7f596d0c3000 r-xp 00000000 08:06 8925255                    /usr/lib/jvm/java-8-oracle/lib/amd64/jli/libjli.so
7f596d0c3000-7f596d2c3000 ---p 00015000 08:06 8925255                    /usr/lib/jvm/java-8-oracle/lib/amd64/jli/libjli.so
7f596d2c3000-7f596d2c4000 rw-p 00015000 08:06 8925255                    /usr/lib/jvm/java-8-oracle/lib/amd64/jli/libjli.so
7f596d2c4000-7f596d2dd000 r-xp 00000000 08:06 11010142                   /lib/x86_64-linux-gnu/libpthread-2.19.so
7f596d2dd000-7f596d4dc000 ---p 00019000 08:06 11010142                   /lib/x86_64-linux-gnu/libpthread-2.19.so
7f596d4dc000-7f596d4dd000 r--p 00018000 08:06 11010142                   /lib/x86_64-linux-gnu/libpthread-2.19.so
7f596d4dd000-7f596d4de000 rw-p 00019000 08:06 11010142                   /lib/x86_64-linux-gnu/libpthread-2.19.so
7f596d4de000-7f596d4e2000 rw-p 00000000 00:00 0 
7f596d4e2000-7f596d505000 r-xp 00000000 08:06 11010143                   /lib/x86_64-linux-gnu/ld-2.19.so
7f596d50c000-7f596d5de000 rw-p 00000000 00:00 0 
7f596d5de000-7f596d5e1000 ---p 00000000 00:00 0 
7f596d5e1000-7f596d6f8000 rw-p 00000000 00:00 0                          [stack:27713]
7f596d6f8000-7f596d700000 rw-s 00000000 08:06 14168360                   /tmp/hsperfdata_buddhikajay/27709
7f596d700000-7f596d701000 rw-p 00000000 00:00 0 
7f596d701000-7f596d702000 ---p 00000000 00:00 0 
7f596d702000-7f596d704000 rw-p 00000000 00:00 0 
7f596d704000-7f596d705000 r--p 00022000 08:06 11010143                   /lib/x86_64-linux-gnu/ld-2.19.so
7f596d705000-7f596d706000 rw-p 00023000 08:06 11010143                   /lib/x86_64-linux-gnu/ld-2.19.so
7f596d706000-7f596d707000 rw-p 00000000 00:00 0 
7ffedbc23000-7ffedbc44000 rw-p 00000000 00:00 0                          [stack]
7ffedbd09000-7ffedbd0b000 r-xp 00000000 00:00 0                          [vdso]
ffffffffff600000-ffffffffff601000 r-xp 00000000 00:00 0                  [vsyscall]

VM Arguments:
jvm_args: -Djava.awt.headless=true -Xmx1024M -Dfile.encoding=UTF-8 -Duser.country=US -Duser.language=en -Duser.variant 
java_command: com.android.dx.command.Main --dex --force-jumbo --num-threads=4 --multi-dex --output /home/buddhikajay/Documents/Programming/Paymedia/MobilePay/app/build/intermediates/transforms/dex/debug/folders/1000/10/core-3.2.1_54a58b65b3fc13ddcead414eed43810e383fe813 /home/buddhikajay/.gradle/caches/modules-2/files-2.1/com.google.zxing/core/3.2.1/2287494d4f5f9f3a9a2bb6980e3f32053721b315/core-3.2.1.jar
java_class_path (initial): /home/buddhikajay/Programs/android-sdk-linux/build-tools/24.0.2/lib/dx.jar
Launcher Type: SUN_STANDARD

Environment Variables:
JAVA_HOME=/usr/lib/jvm/java-8-oracle
PATH=/home/buddhikajay/bin:/usr/local/sbin:/usr/local/bin:/usr/sbin:/usr/bin:/sbin:/bin:/usr/games:/usr/local/games:/usr/lib/jvm/java-8-oracle/bin:/usr/lib/jvm/java-8-oracle/db/bin:/usr/lib/jvm/java-8-oracle/jre/bin
LD_LIBRARY_PATH=/home/buddhikajay/Programs/android-studio/bin:
SHELL=/bin/bash
DISPLAY=:0

Signal Handlers:
SIGSEGV: [libjvm.so+0xac64b0], sa_mask[0]=11111111011111111101111111111110, sa_flags=SA_RESTART|SA_SIGINFO
SIGBUS: [libjvm.so+0xac64b0], sa_mask[0]=11111111011111111101111111111110, sa_flags=SA_RESTART|SA_SIGINFO
SIGFPE: [libjvm.so+0x91f950], sa_mask[0]=11111111011111111101111111111110, sa_flags=SA_RESTART|SA_SIGINFO
SIGPIPE: [libjvm.so+0x91f950], sa_mask[0]=11111111011111111101111111111110, sa_flags=SA_RESTART|SA_SIGINFO
SIGXFSZ: [libjvm.so+0x91f950], sa_mask[0]=11111111011111111101111111111110, sa_flags=SA_RESTART|SA_SIGINFO
SIGILL: [libjvm.so+0x91f950], sa_mask[0]=11111111011111111101111111111110, sa_flags=SA_RESTART|SA_SIGINFO
SIGUSR1: SIG_DFL, sa_mask[0]=00000000000000000000000000000000, sa_flags=none
SIGUSR2: [libjvm.so+0x920f80], sa_mask[0]=00100000000000000000000000000000, sa_flags=SA_RESTART|SA_SIGINFO
SIGHUP: [libjvm.so+0x922380], sa_mask[0]=11111111011111111101111111111110, sa_flags=SA_RESTART|SA_SIGINFO
SIGINT: [libjvm.so+0x922380], sa_mask[0]=11111111011111111101111111111110, sa_flags=SA_RESTART|SA_SIGINFO
SIGTERM: [libjvm.so+0x922380], sa_mask[0]=11111111011111111101111111111110, sa_flags=SA_RESTART|SA_SIGINFO
SIGQUIT: [libjvm.so+0x922380], sa_mask[0]=11111111011111111101111111111110, sa_flags=SA_RESTART|SA_SIGINFO


---------------  S Y S T E M  ---------------

OS:DISTRIB_ID=Ubuntu
DISTRIB_RELEASE=14.04
DISTRIB_CODENAME=trusty
DISTRIB_DESCRIPTION="Ubuntu 14.04.5 LTS"

uname:Linux 3.13.0-101-generic #148-Ubuntu SMP Thu Oct 20 22:08:32 UTC 2016 x86_64
libc:glibc 2.19 NPTL 2.19 
rlimit: STACK 8192k, CORE 0k, NPROC 30328, NOFILE 4096, AS infinity
load average:6.53 3.02 2.28

/proc/meminfo:
MemTotal:        3903596 kB
MemFree:           89132 kB
Buffers:             880 kB
Cached:           293464 kB
SwapCached:        25308 kB
Active:          2640464 kB
Inactive:         970444 kB
Active(anon):    2627660 kB
Inactive(anon):   951804 kB
Active(file):      12804 kB
Inactive(file):    18640 kB
Unevictable:         100 kB
Mlocked:             100 kB
SwapTotal:       1951740 kB
SwapFree:              8 kB
Dirty:                36 kB
Writeback:             0 kB
AnonPages:       3293252 kB
Mapped:            49144 kB
Shmem:            262280 kB
Slab:              84108 kB
SReclaimable:      37464 kB
SUnreclaim:        46644 kB
KernelStack:        7400 kB
PageTables:        55544 kB
NFS_Unstable:          0 kB
Bounce:                0 kB
WritebackTmp:          0 kB
CommitLimit:     3903536 kB
Committed_AS:   10426388 kB
VmallocTotal:   34359738367 kB
VmallocUsed:      348232 kB
VmallocChunk:   34359372764 kB
HardwareCorrupted:     0 kB
AnonHugePages:    552960 kB
HugePages_Total:       0
HugePages_Free:        0
HugePages_Rsvd:        0
HugePages_Surp:        0
Hugepagesize:       2048 kB
DirectMap4k:       87436 kB
DirectMap2M:     3962880 kB


CPU:total 4 (2 cores per cpu, 2 threads per core) family 6 model 58 stepping 9, cmov, cx8, fxsr, mmx, sse, sse2, sse3, ssse3, sse4.1, sse4.2, popcnt, avx, aes, clmul, erms, ht, tsc, tscinvbit, tscinv

/proc/cpuinfo:
processor	: 0
vendor_id	: GenuineIntel
cpu family	: 6
model		: 58
model name	: Intel(R) Core(TM) i5-3210M CPU @ 2.50GHz
stepping	: 9
microcode	: 0x15
cpu MHz		: 2501.000
cache size	: 3072 KB
physical id	: 0
siblings	: 4
core id		: 0
cpu cores	: 2
apicid		: 0
initial apicid	: 0
fpu		: yes
fpu_exception	: yes
cpuid level	: 13
wp		: yes
flags		: fpu vme de pse tsc msr pae mce cx8 apic sep mtrr pge mca cmov pat pse36 clflush dts acpi mmx fxsr sse sse2 ss ht tm pbe syscall nx rdtscp lm constant_tsc arch_perfmon pebs bts rep_good nopl xtopology nonstop_tsc aperfmperf eagerfpu pni pclmulqdq dtes64 monitor ds_cpl vmx est tm2 ssse3 cx16 xtpr pdcm pcid sse4_1 sse4_2 x2apic popcnt tsc_deadline_timer aes xsave avx f16c rdrand lahf_lm ida arat epb xsaveopt pln pts dtherm tpr_shadow vnmi flexpriority ept vpid fsgsbase smep erms
bogomips	: 4989.13
clflush size	: 64
cache_alignment	: 64
address sizes	: 36 bits physical, 48 bits virtual
power management:

processor	: 1
vendor_id	: GenuineIntel
cpu family	: 6
model		: 58
model name	: Intel(R) Core(TM) i5-3210M CPU @ 2.50GHz
stepping	: 9
microcode	: 0x15
cpu MHz		: 2501.000
cache size	: 3072 KB
physical id	: 0
siblings	: 4
core id		: 0
cpu cores	: 2
apicid		: 1
initial apicid	: 1
fpu		: yes
fpu_exception	: yes
cpuid level	: 13
wp		: yes
flags		: fpu vme de pse tsc msr pae mce cx8 apic sep mtrr pge mca cmov pat pse36 clflush dts acpi mmx fxsr sse sse2 ss ht tm pbe syscall nx rdtscp lm constant_tsc arch_perfmon pebs bts rep_good nopl xtopology nonstop_tsc aperfmperf eagerfpu pni pclmulqdq dtes64 monitor ds_cpl vmx est tm2 ssse3 cx16 xtpr pdcm pcid sse4_1 sse4_2 x2apic popcnt tsc_deadline_timer aes xsave avx f16c rdrand lahf_lm ida arat epb xsaveopt pln pts dtherm tpr_shadow vnmi flexpriority ept vpid fsgsbase smep erms
bogomips	: 4989.13
clflush size	: 64
cache_alignment	: 64
address sizes	: 36 bits physical, 48 bits virtual
power management:

processor	: 2
vendor_id	: GenuineIntel
cpu family	: 6
model		: 58
model name	: Intel(R) Core(TM) i5-3210M CPU @ 2.50GHz
stepping	: 9
microcode	: 0x15
cpu MHz		: 2501.000
cache size	: 3072 KB
physical id	: 0
siblings	: 4
core id		: 1
cpu cores	: 2
apicid		: 2
initial apicid	: 2
fpu		: yes
fpu_exception	: yes
cpuid level	: 13
wp		: yes
flags		: fpu vme de pse tsc msr pae mce cx8 apic sep mtrr pge mca cmov pat pse36 clflush dts acpi mmx fxsr sse sse2 ss ht tm pbe syscall nx rdtscp lm constant_tsc arch_perfmon pebs bts rep_good nopl xtopology nonstop_tsc aperfmperf eagerfpu pni pclmulqdq dtes64 monitor ds_cpl vmx est tm2 ssse3 cx16 xtpr pdcm pcid sse4_1 sse4_2 x2apic popcnt tsc_deadline_timer aes xsave avx f16c rdrand lahf_lm ida arat epb xsaveopt pln pts dtherm tpr_shadow vnmi flexpriority ept vpid fsgsbase smep erms
bogomips	: 4989.13
clflush size	: 64
cache_alignment	: 64
address sizes	: 36 bits physical, 48 bits virtual
power management:

processor	: 3
vendor_id	: GenuineIntel
cpu family	: 6
model		: 58
model name	: Intel(R) Core(TM) i5-3210M CPU @ 2.50GHz
stepping	: 9
microcode	: 0x15
cpu MHz		: 2501.000
cache size	: 3072 KB
physical id	: 0
siblings	: 4
core id		: 1
cpu cores	: 2
apicid		: 3
initial apicid	: 3
fpu		: yes
fpu_exception	: yes
cpuid level	: 13
wp		: yes
flags		: fpu vme de pse tsc msr pae mce cx8 apic sep mtrr pge mca cmov pat pse36 clflush dts acpi mmx fxsr sse sse2 ss ht tm pbe syscall nx rdtscp lm constant_tsc arch_perfmon pebs bts rep_good nopl xtopology nonstop_tsc aperfmperf eagerfpu pni pclmulqdq dtes64 monitor ds_cpl vmx est tm2 ssse3 cx16 xtpr pdcm pcid sse4_1 sse4_2 x2apic popcnt tsc_deadline_timer aes xsave avx f16c rdrand lahf_lm ida arat epb xsaveopt pln pts dtherm tpr_shadow vnmi flexpriority ept vpid fsgsbase smep erms
bogomips	: 4989.13
clflush size	: 64
cache_alignment	: 64
address sizes	: 36 bits physical, 48 bits virtual
power management:



Memory: 4k page, physical 3903596k(89724k free), swap 1951740k(8k free)

vm_info: Java HotSpot(TM) 64-Bit Server VM (25.111-b14) for linux-amd64 JRE (1.8.0_111-b14), built on Sep 22 2016 16:14:03 by "java_re" with gcc 4.3.0 20080428 (Red Hat 4.3.0-8)

time: Wed Dec  7 00:00:00 2016
elapsed time: 9 seconds (0d 0h 0m 9s)

